
--------------------------|---------|----------|---------|---------|------------------------
File                      | % Stmts | % Branch | % Funcs | % Lines | Uncovered Line #s      
--------------------------|---------|----------|---------|---------|------------------------
All files                 |   63.34 |    49.16 |   70.73 |   65.94 |                        
 src                      |     100 |      100 |     100 |     100 |                        
  app.ts                  |     100 |      100 |     100 |     100 |                        
 src/config               |    87.5 |    66.66 |     100 |    87.5 |                        
  env.ts                  |      80 |    66.66 |     100 |      80 | 11                     
  prisma.ts               |     100 |      100 |     100 |     100 |                        
 src/controllers          |   56.41 |    42.85 |      60 |   56.41 |                        
  auth.controller.ts      |   38.46 |        0 |      40 |   38.46 | 32-68                  
  inventory.controller.ts |      60 |       50 |      50 |      60 | 36-61                  
  vehicle.controller.ts   |   70.37 |       50 |   83.33 |   70.37 | 25,45-57,69,81         
 src/middleware           |   90.32 |       50 |     100 |   89.28 |                        
  auth.middleware.ts      |   86.36 |       60 |     100 |      85 | 24,36,43               
  error.middleware.ts     |     100 |       40 |     100 |     100 | 6-20                   
 src/routes               |     100 |      100 |     100 |     100 |                        
  auth.routes.ts          |     100 |      100 |     100 |     100 |                        
  vehicle.routes.ts       |     100 |      100 |     100 |     100 |                        
 src/services             |   50.28 |       49 |   68.42 |      55 |                        
  auth.service.ts         |    33.7 |     42.3 |      40 |   40.54 | 88,96,128-270          
  inventory.service.ts    |   54.34 |     37.5 |   57.14 |   54.34 | 10-30,49,89,98,128-190 
  vehicle.service.ts      |    82.5 |    65.62 |     100 |    82.5 | 50,57,67,85,89,97,123  
--------------------------|---------|----------|---------|---------|------------------------
Test Suites: 4 passed, 4 total
Tests:       24 passed, 24 total
Snapshots:   0 total
Time:        1.977 s, estimated 2 s
Ran all test suites.
